Norminette Check Log
====================

add_env.c
add_env.c: OK!

del_env.c
del_env.c: OK!

fre_chr_env.c
fre_chr_env.c: OK!

fre_env.c
fre_env.c: OK!

gky_env.c
gky_env.c: OK!

grp_env.c
grp_env.c: OK!

int_chr_env.c
int_chr_env.c: OK!

int_env.c
int_env.c: OK!

lvl_env.c
lvl_env.c: Error!
Error: TOO_MANY_LINES       (line:  89, col:   1):	Function has more than 25 lines

prn_env.c
prn_env.c: OK!

prn_port_env.c
prn_port_env.c: Error!
Error: SPACE_REPLACE_TAB    (line:  17, col:   8):	Found space when expecting tab
Error: SPACE_EMPTY_LINE     (line:  18, col:   1):	Space on empty line
Error: TOO_FEW_TAB          (line:  20, col:  22):	Missing tabs for indent level
Error: SPACE_AFTER_KW       (line:  25, col:   5):	Missing space after keyword
Error: SPC_BFR_PAR          (line:  25, col:  10):	Missing space before parenthesis (brace/bracket)
Error: LINE_TOO_LONG        (line:  76, col:  82):	line too long
Error: TAB_INSTEAD_SPC      (line:  89, col:  10):	Found tab when expecting space
Error: TOO_FEW_TAB          (line:  89, col:  23):	Missing tabs for indent level
Error: EMPTY_LINE_FUNCTION  (line:  90, col:   1):	Empty line in function
Error: TOO_MANY_LINES       (line: 115, col:   1):	Function has more than 25 lines
